Using pre-set license
Built from '2021.3/staging' branch; Version is '2021.3.3f1 (af2e63e8f9bd) revision 11480675'; Using compiler version '192829333'; Build Type 'Release'
OS: 'Windows 11  (10.0.22000) 64bit CoreSingleLanguage' Language: 'pt' Physical Memory: 7914 MB
BatchMode: 1, IsHumanControllingUs: 0, StartBugReporterOnCrash: 0, Is64bit: 1, IsPro: 1

COMMAND LINE ARGUMENTS:
D:\Unity\2021.3.3f1\Editor\Unity.exe
-adb2
-batchMode
-noUpm
-name
AssetImportWorker2
-projectPath
D:/Downloads/FarmCar/FarmCar
-logFile
Logs/AssetImportWorker2.log
-srvPort
62588
Successfully changed project path to: D:/Downloads/FarmCar/FarmCar
D:/Downloads/FarmCar/FarmCar
[UnityMemory] Configuration Parameters - Can be set up in boot.config
    "memorysetup-bucket-allocator-granularity=16"
    "memorysetup-bucket-allocator-bucket-count=8"
    "memorysetup-bucket-allocator-block-size=33554432"
    "memorysetup-bucket-allocator-block-count=8"
    "memorysetup-main-allocator-block-size=16777216"
    "memorysetup-thread-allocator-block-size=16777216"
    "memorysetup-gfx-main-allocator-block-size=16777216"
    "memorysetup-gfx-thread-allocator-block-size=16777216"
    "memorysetup-cache-allocator-block-size=4194304"
    "memorysetup-typetree-allocator-block-size=2097152"
    "memorysetup-profiler-bucket-allocator-granularity=16"
    "memorysetup-profiler-bucket-allocator-bucket-count=8"
    "memorysetup-profiler-bucket-allocator-block-size=33554432"
    "memorysetup-profiler-bucket-allocator-block-count=8"
    "memorysetup-profiler-allocator-block-size=16777216"
    "memorysetup-profiler-editor-allocator-block-size=1048576"
    "memorysetup-temp-allocator-size-main=16777216"
    "memorysetup-job-temp-allocator-block-size=2097152"
    "memorysetup-job-temp-allocator-block-size-background=1048576"
    "memorysetup-job-temp-allocator-reduction-small-platforms=262144"
    "memorysetup-temp-allocator-size-background-worker=32768"
    "memorysetup-temp-allocator-size-job-worker=262144"
    "memorysetup-temp-allocator-size-preload-manager=33554432"
    "memorysetup-temp-allocator-size-nav-mesh-worker=65536"
    "memorysetup-temp-allocator-size-audio-worker=65536"
    "memorysetup-temp-allocator-size-cloud-worker=32768"
    "memorysetup-temp-allocator-size-gi-baking-worker=262144"
    "memorysetup-temp-allocator-size-gfx=262144"
Refreshing native plugins compatible for Editor in 29.38 ms, found 2 plugins.
Preloading 0 native plugins for Editor in 0.00 ms.
Initialize engine version: 2021.3.3f1 (af2e63e8f9bd)
[Subsystems] Discovering subsystems at path D:/Unity/2021.3.3f1/Editor/Data/Resources/UnitySubsystems
[Subsystems] Discovering subsystems at path D:/Downloads/FarmCar/FarmCar/Assets
GfxDevice: creating device client; threaded=0; jobified=0
Direct3D:
    Version:  Direct3D 11.0 [level 11.1]
    Renderer: NVIDIA GeForce MX330 (ID=0x1d16)
    Vendor:   NVIDIA
    VRAM:     1983 MB
    Driver:   30.0.15.1295
Initialize mono
Mono path[0] = 'D:/Unity/2021.3.3f1/Editor/Data/Managed'
Mono path[1] = 'D:/Unity/2021.3.3f1/Editor/Data/MonoBleedingEdge/lib/mono/unityjit-win32'
Mono config path = 'D:/Unity/2021.3.3f1/Editor/Data/MonoBleedingEdge/etc'
Using monoOptions --debugger-agent=transport=dt_socket,embedding=1,server=y,suspend=n,address=127.0.0.1:56104
Begin MonoManager ReloadAssembly
Registering precompiled unity dll's ...
Register platform support module: D:/Unity/2021.3.3f1/Editor/Data/PlaybackEngines/WindowsStandaloneSupport/UnityEditor.WindowsStandalone.Extensions.dll
Registered in 0.001278 seconds.
Native extension for WindowsStandalone target not found
Refreshing native plugins compatible for Editor in 31.39 ms, found 2 plugins.
Preloading 0 native plugins for Editor in 0.00 ms.
Mono: successfully reloaded assembly
- Completed reload, in  0.833 seconds
Domain Reload Profiling:
	ReloadAssembly (834ms)
		BeginReloadAssembly (303ms)
			ExecutionOrderSort (0ms)
			DisableScriptedObjects (0ms)
			BackupInstance (0ms)
			ReleaseScriptingObjects (0ms)
			CreateAndSetChildDomain (1ms)
		EndReloadAssembly (421ms)
			LoadAssemblies (303ms)
			RebuildTransferFunctionScriptingTraits (0ms)
			SetupTypeCache (120ms)
			ReleaseScriptCaches (0ms)
			RebuildScriptCaches (33ms)
			SetupLoadedEditorAssemblies (219ms)
				LogAssemblyErrors (0ms)
				InitializePlatformSupportModulesInManaged (9ms)
				SetLoadedEditorAssemblies (0ms)
				RefreshPlugins (31ms)
				BeforeProcessingInitializeOnLoad (1ms)
				ProcessInitializeOnLoadAttributes (130ms)
				ProcessInitializeOnLoadMethodAttributes (46ms)
				AfterProcessingInitializeOnLoad (0ms)
				EditorAssembliesLoaded (0ms)
			ExecutionOrderSort2 (0ms)
			AwakeInstancesAfterBackupRestoration (0ms)
Platform modules already initialized, skipping
Registering precompiled user dll's ...
Registered in 0.003368 seconds.
Begin MonoManager ReloadAssembly
Native extension for WindowsStandalone target not found
Refreshing native plugins compatible for Editor in 0.55 ms, found 2 plugins.
Preloading 0 native plugins for Editor in 0.00 ms.
Mono: successfully reloaded assembly
- Completed reload, in  1.937 seconds
Domain Reload Profiling:
	ReloadAssembly (1937ms)
		BeginReloadAssembly (187ms)
			ExecutionOrderSort (0ms)
			DisableScriptedObjects (6ms)
			BackupInstance (0ms)
			ReleaseScriptingObjects (0ms)
			CreateAndSetChildDomain (23ms)
		EndReloadAssembly (1582ms)
			LoadAssemblies (944ms)
			RebuildTransferFunctionScriptingTraits (0ms)
			SetupTypeCache (194ms)
			ReleaseScriptCaches (1ms)
			RebuildScriptCaches (48ms)
			SetupLoadedEditorAssemblies (430ms)
				LogAssemblyErrors (0ms)
				InitializePlatformSupportModulesInManaged (5ms)
				SetLoadedEditorAssemblies (1ms)
				RefreshPlugins (1ms)
				BeforeProcessingInitializeOnLoad (48ms)
				ProcessInitializeOnLoadAttributes (241ms)
				ProcessInitializeOnLoadMethodAttributes (132ms)
				AfterProcessingInitializeOnLoad (4ms)
				EditorAssembliesLoaded (0ms)
			ExecutionOrderSort2 (0ms)
			AwakeInstancesAfterBackupRestoration (6ms)
Platform modules already initialized, skipping
========================================================================
Worker process is ready to serve import requests
Launched and connected shader compiler UnityShaderCompiler.exe after 0.48 seconds
Refreshing native plugins compatible for Editor in 0.34 ms, found 2 plugins.
Preloading 0 native plugins for Editor in 0.00 ms.
Unloading 1674 Unused Serialized files (Serialized files now loaded: 0)
Unloading 19 unused Assets / (47.7 KB). Loaded Objects now: 2140.
Memory consumption went from 72.9 MB to 72.8 MB.
Total: 2.781800 ms (FindLiveObjects: 0.215100 ms CreateObjectMapping: 0.040300 ms MarkObjects: 2.430200 ms  DeleteObjects: 0.095000 ms)

AssetImportParameters requested are different than current active one (requested -> active):
  custom:video-decoder-ogg-theora: a1e56fd34408186e4bbccfd4996cb3dc -> 
  custom:container-muxer-webm: aa71ff27fc2769a1b78a27578f13a17b -> 
  custom:container-demuxer-webm: 4f35f7cbe854078d1ac9338744f61a02 -> 
  custom:video-encoder-webm-vp8: eb34c28f22e8b96e1ab97ce403110664 -> 
  custom:video-codec-MediaFoundation-h265: 746d11721c4dcdbdad8f713fa42b33f4 -> 
  custom:audio-encoder-webm-vorbis: bf7c407c2cedff20999df2af8eb42d56 -> 
  custom:framework-win-MediaFoundation: 216162199b28c13a410421893ffa2e32 -> 
  custom:container-demuxer-ogg: 62fdf1f143b41e24485cea50d1cbac27 -> 
  custom:video-decoder-webm-vp8: 9c59270c3fd7afecdb556c50c9e8de78 -> 
  custom:audio-decoder-ogg-vorbis: bf7c407c2cedff20999df2af8eb42d56 -> 
========================================================================
Received Import Request.
  Time since last request: 175438.640594 seconds.
  path: Assets/silo.002.png
  artifactKey: Guid(7148d0501d04db54ab49bf3f73a68522) Importer(815301076,1909f56bfc062723c751e8b465ee728b)
Start importing Assets/silo.002.png using Guid(7148d0501d04db54ab49bf3f73a68522) Importer(815301076,1909f56bfc062723c751e8b465ee728b)  -> (artifact id: 'd9d1ea5910c9335aadcad6796e5f3113') in 0.441830 seconds 
========================================================================
Received Prepare
Registering precompiled user dll's ...
Registered in 0.002101 seconds.
Begin MonoManager ReloadAssembly
Native extension for WindowsStandalone target not found
Refreshing native plugins compatible for Editor in 0.32 ms, found 2 plugins.
Preloading 0 native plugins for Editor in 0.00 ms.
Mono: successfully reloaded assembly
- Completed reload, in  1.212 seconds
Domain Reload Profiling:
	ReloadAssembly (1213ms)
		BeginReloadAssembly (141ms)
			ExecutionOrderSort (0ms)
			DisableScriptedObjects (7ms)
			BackupInstance (0ms)
			ReleaseScriptingObjects (0ms)
			CreateAndSetChildDomain (37ms)
		EndReloadAssembly (952ms)
			LoadAssemblies (85ms)
			RebuildTransferFunctionScriptingTraits (0ms)
			SetupTypeCache (261ms)
			ReleaseScriptCaches (1ms)
			RebuildScriptCaches (102ms)
			SetupLoadedEditorAssemblies (362ms)
				LogAssemblyErrors (0ms)
				InitializePlatformSupportModulesInManaged (13ms)
				SetLoadedEditorAssemblies (0ms)
				RefreshPlugins (0ms)
				BeforeProcessingInitializeOnLoad (87ms)
				ProcessInitializeOnLoadAttributes (223ms)
				ProcessInitializeOnLoadMethodAttributes (35ms)
				AfterProcessingInitializeOnLoad (3ms)
				EditorAssembliesLoaded (0ms)
			ExecutionOrderSort2 (0ms)
			AwakeInstancesAfterBackupRestoration (9ms)
Platform modules already initialized, skipping
Refreshing native plugins compatible for Editor in 1.20 ms, found 2 plugins.
Preloading 0 native plugins for Editor in 0.00 ms.
Unloading 1667 Unused Serialized files (Serialized files now loaded: 0)
Unloading 12 unused Assets / (24.7 KB). Loaded Objects now: 2145.
Memory consumption went from 72.6 MB to 72.6 MB.
Total: 3.024300 ms (FindLiveObjects: 0.253700 ms CreateObjectMapping: 0.076400 ms MarkObjects: 2.677500 ms  DeleteObjects: 0.015200 ms)

AssetImportParameters requested are different than current active one (requested -> active):
  custom:video-decoder-ogg-theora: a1e56fd34408186e4bbccfd4996cb3dc -> 
  custom:container-muxer-webm: aa71ff27fc2769a1b78a27578f13a17b -> 
  custom:container-demuxer-webm: 4f35f7cbe854078d1ac9338744f61a02 -> 
  custom:video-encoder-webm-vp8: eb34c28f22e8b96e1ab97ce403110664 -> 
  custom:video-codec-MediaFoundation-h265: 746d11721c4dcdbdad8f713fa42b33f4 -> 
  custom:audio-encoder-webm-vorbis: bf7c407c2cedff20999df2af8eb42d56 -> 
  custom:framework-win-MediaFoundation: 216162199b28c13a410421893ffa2e32 -> 
  custom:container-demuxer-ogg: 62fdf1f143b41e24485cea50d1cbac27 -> 
  custom:video-decoder-webm-vp8: 9c59270c3fd7afecdb556c50c9e8de78 -> 
  custom:audio-decoder-ogg-vorbis: bf7c407c2cedff20999df2af8eb42d56 -> 
========================================================================
Received Prepare
Registering precompiled user dll's ...
Registered in 0.003412 seconds.
Begin MonoManager ReloadAssembly
Native extension for WindowsStandalone target not found
Refreshing native plugins compatible for Editor in 0.41 ms, found 2 plugins.
Preloading 0 native plugins for Editor in 0.00 ms.
Mono: successfully reloaded assembly
- Completed reload, in  1.169 seconds
Domain Reload Profiling:
	ReloadAssembly (1170ms)
		BeginReloadAssembly (154ms)
			ExecutionOrderSort (0ms)
			DisableScriptedObjects (8ms)
			BackupInstance (0ms)
			ReleaseScriptingObjects (0ms)
			CreateAndSetChildDomain (35ms)
		EndReloadAssembly (877ms)
			LoadAssemblies (106ms)
			RebuildTransferFunctionScriptingTraits (0ms)
			SetupTypeCache (252ms)
			ReleaseScriptCaches (1ms)
			RebuildScriptCaches (73ms)
			SetupLoadedEditorAssemblies (398ms)
				LogAssemblyErrors (0ms)
				InitializePlatformSupportModulesInManaged (17ms)
				SetLoadedEditorAssemblies (1ms)
				RefreshPlugins (0ms)
				BeforeProcessingInitializeOnLoad (61ms)
				ProcessInitializeOnLoadAttributes (274ms)
				ProcessInitializeOnLoadMethodAttributes (43ms)
				AfterProcessingInitializeOnLoad (2ms)
				EditorAssembliesLoaded (0ms)
			ExecutionOrderSort2 (0ms)
			AwakeInstancesAfterBackupRestoration (8ms)
Platform modules already initialized, skipping
Refreshing native plugins compatible for Editor in 1.12 ms, found 2 plugins.
Preloading 0 native plugins for Editor in 0.00 ms.
Unloading 1667 Unused Serialized files (Serialized files now loaded: 0)
Unloading 12 unused Assets / (24.6 KB). Loaded Objects now: 2148.
Memory consumption went from 72.6 MB to 72.6 MB.
Total: 2.919300 ms (FindLiveObjects: 0.143700 ms CreateObjectMapping: 0.061200 ms MarkObjects: 2.697100 ms  DeleteObjects: 0.016200 ms)

AssetImportParameters requested are different than current active one (requested -> active):
  custom:video-decoder-ogg-theora: a1e56fd34408186e4bbccfd4996cb3dc -> 
  custom:container-muxer-webm: aa71ff27fc2769a1b78a27578f13a17b -> 
  custom:container-demuxer-webm: 4f35f7cbe854078d1ac9338744f61a02 -> 
  custom:video-encoder-webm-vp8: eb34c28f22e8b96e1ab97ce403110664 -> 
  custom:video-codec-MediaFoundation-h265: 746d11721c4dcdbdad8f713fa42b33f4 -> 
  custom:audio-encoder-webm-vorbis: bf7c407c2cedff20999df2af8eb42d56 -> 
  custom:framework-win-MediaFoundation: 216162199b28c13a410421893ffa2e32 -> 
  custom:container-demuxer-ogg: 62fdf1f143b41e24485cea50d1cbac27 -> 
  custom:video-decoder-webm-vp8: 9c59270c3fd7afecdb556c50c9e8de78 -> 
  custom:audio-decoder-ogg-vorbis: bf7c407c2cedff20999df2af8eb42d56 -> 
========================================================================
Received Prepare
Registering precompiled user dll's ...
Registered in 0.003130 seconds.
Begin MonoManager ReloadAssembly
Native extension for WindowsStandalone target not found
Refreshing native plugins compatible for Editor in 0.33 ms, found 2 plugins.
Preloading 0 native plugins for Editor in 0.00 ms.
Mono: successfully reloaded assembly
- Completed reload, in  1.031 seconds
Domain Reload Profiling:
	ReloadAssembly (1032ms)
		BeginReloadAssembly (189ms)
			ExecutionOrderSort (0ms)
			DisableScriptedObjects (9ms)
			BackupInstance (0ms)
			ReleaseScriptingObjects (0ms)
			CreateAndSetChildDomain (39ms)
		EndReloadAssembly (713ms)
			LoadAssemblies (127ms)
			RebuildTransferFunctionScriptingTraits (0ms)
			SetupTypeCache (234ms)
			ReleaseScriptCaches (1ms)
			RebuildScriptCaches (45ms)
			SetupLoadedEditorAssemblies (309ms)
				LogAssemblyErrors (0ms)
				InitializePlatformSupportModulesInManaged (12ms)
				SetLoadedEditorAssemblies (0ms)
				RefreshPlugins (0ms)
				BeforeProcessingInitializeOnLoad (43ms)
				ProcessInitializeOnLoadAttributes (208ms)
				ProcessInitializeOnLoadMethodAttributes (41ms)
				AfterProcessingInitializeOnLoad (3ms)
				EditorAssembliesLoaded (0ms)
			ExecutionOrderSort2 (0ms)
			AwakeInstancesAfterBackupRestoration (8ms)
Platform modules already initialized, skipping
Refreshing native plugins compatible for Editor in 1.27 ms, found 2 plugins.
Preloading 0 native plugins for Editor in 0.00 ms.
Unloading 1667 Unused Serialized files (Serialized files now loaded: 0)
Unloading 12 unused Assets / (24.6 KB). Loaded Objects now: 2151.
Memory consumption went from 72.6 MB to 72.6 MB.
Total: 2.302100 ms (FindLiveObjects: 0.147200 ms CreateObjectMapping: 0.034600 ms MarkObjects: 2.103700 ms  DeleteObjects: 0.015300 ms)

AssetImportParameters requested are different than current active one (requested -> active):
  custom:video-decoder-ogg-theora: a1e56fd34408186e4bbccfd4996cb3dc -> 
  custom:container-muxer-webm: aa71ff27fc2769a1b78a27578f13a17b -> 
  custom:container-demuxer-webm: 4f35f7cbe854078d1ac9338744f61a02 -> 
  custom:video-encoder-webm-vp8: eb34c28f22e8b96e1ab97ce403110664 -> 
  custom:video-codec-MediaFoundation-h265: 746d11721c4dcdbdad8f713fa42b33f4 -> 
  custom:audio-encoder-webm-vorbis: bf7c407c2cedff20999df2af8eb42d56 -> 
  custom:framework-win-MediaFoundation: 216162199b28c13a410421893ffa2e32 -> 
  custom:container-demuxer-ogg: 62fdf1f143b41e24485cea50d1cbac27 -> 
  custom:video-decoder-webm-vp8: 9c59270c3fd7afecdb556c50c9e8de78 -> 
  custom:audio-decoder-ogg-vorbis: bf7c407c2cedff20999df2af8eb42d56 -> 
========================================================================
Received Prepare
Registering precompiled user dll's ...
Registered in 0.003401 seconds.
Begin MonoManager ReloadAssembly
Native extension for WindowsStandalone target not found
Refreshing native plugins compatible for Editor in 0.57 ms, found 2 plugins.
Preloading 0 native plugins for Editor in 0.00 ms.
Mono: successfully reloaded assembly
- Completed reload, in  1.119 seconds
Domain Reload Profiling:
	ReloadAssembly (1120ms)
		BeginReloadAssembly (154ms)
			ExecutionOrderSort (0ms)
			DisableScriptedObjects (9ms)
			BackupInstance (0ms)
			ReleaseScriptingObjects (0ms)
			CreateAndSetChildDomain (37ms)
		EndReloadAssembly (846ms)
			LoadAssemblies (94ms)
			RebuildTransferFunctionScriptingTraits (0ms)
			SetupTypeCache (233ms)
			ReleaseScriptCaches (1ms)
			RebuildScriptCaches (45ms)
			SetupLoadedEditorAssemblies (419ms)
				LogAssemblyErrors (0ms)
				InitializePlatformSupportModulesInManaged (18ms)
				SetLoadedEditorAssemblies (1ms)
				RefreshPlugins (1ms)
				BeforeProcessingInitializeOnLoad (78ms)
				ProcessInitializeOnLoadAttributes (268ms)
				ProcessInitializeOnLoadMethodAttributes (51ms)
				AfterProcessingInitializeOnLoad (3ms)
				EditorAssembliesLoaded (0ms)
			ExecutionOrderSort2 (0ms)
			AwakeInstancesAfterBackupRestoration (9ms)
Platform modules already initialized, skipping
Refreshing native plugins compatible for Editor in 1.13 ms, found 2 plugins.
Preloading 0 native plugins for Editor in 0.00 ms.
Unloading 1667 Unused Serialized files (Serialized files now loaded: 0)
Unloading 12 unused Assets / (24.6 KB). Loaded Objects now: 2154.
Memory consumption went from 72.6 MB to 72.6 MB.
Total: 4.327300 ms (FindLiveObjects: 0.168600 ms CreateObjectMapping: 0.059600 ms MarkObjects: 4.081200 ms  DeleteObjects: 0.016500 ms)

AssetImportParameters requested are different than current active one (requested -> active):
  custom:video-decoder-ogg-theora: a1e56fd34408186e4bbccfd4996cb3dc -> 
  custom:container-muxer-webm: aa71ff27fc2769a1b78a27578f13a17b -> 
  custom:container-demuxer-webm: 4f35f7cbe854078d1ac9338744f61a02 -> 
  custom:video-encoder-webm-vp8: eb34c28f22e8b96e1ab97ce403110664 -> 
  custom:video-codec-MediaFoundation-h265: 746d11721c4dcdbdad8f713fa42b33f4 -> 
  custom:audio-encoder-webm-vorbis: bf7c407c2cedff20999df2af8eb42d56 -> 
  custom:framework-win-MediaFoundation: 216162199b28c13a410421893ffa2e32 -> 
  custom:container-demuxer-ogg: 62fdf1f143b41e24485cea50d1cbac27 -> 
  custom:video-decoder-webm-vp8: 9c59270c3fd7afecdb556c50c9e8de78 -> 
  custom:audio-decoder-ogg-vorbis: bf7c407c2cedff20999df2af8eb42d56 -> 
========================================================================
Received Import Request.
  Time since last request: 378.101423 seconds.
  path: Assets/player
  artifactKey: Guid(cba835f1e7291a44fbd77a1e27cb7258) Importer(815301076,1909f56bfc062723c751e8b465ee728b)
Start importing Assets/player using Guid(cba835f1e7291a44fbd77a1e27cb7258) Importer(815301076,1909f56bfc062723c751e8b465ee728b)  -> (artifact id: 'c5993dfd5db721219519b5bb6af032f7') in 0.046123 seconds 
========================================================================
Received Import Request.
  Time since last request: 0.029993 seconds.
  path: Assets/player/batata.mat
  artifactKey: Guid(7eaa95077ead67c448ed25d86ac5f9f6) Importer(815301076,1909f56bfc062723c751e8b465ee728b)
Start importing Assets/player/batata.mat using Guid(7eaa95077ead67c448ed25d86ac5f9f6) Importer(815301076,1909f56bfc062723c751e8b465ee728b)  -> (artifact id: '2a5a4f700a0c33b6b5d7e3df1e5d01f6') in 0.959012 seconds 
========================================================================
Received Import Request.
  Time since last request: 0.000017 seconds.
  path: Assets/player/conector.obj
  artifactKey: Guid(64e3ae11994de0040a392a640202c543) Importer(815301076,1909f56bfc062723c751e8b465ee728b)
Start importing Assets/player/conector.obj using Guid(64e3ae11994de0040a392a640202c543) Importer(815301076,1909f56bfc062723c751e8b465ee728b)  -> (artifact id: 'e1e91d04166900f21a8d1b98df00216b') in 0.148180 seconds 
========================================================================
Received Import Request.
  Time since last request: 0.000029 seconds.
  path: Assets/player/placa2.png
  artifactKey: Guid(e299183130f5de640ad933eb076e52b5) Importer(815301076,1909f56bfc062723c751e8b465ee728b)
Start importing Assets/player/placa2.png using Guid(e299183130f5de640ad933eb076e52b5) Importer(815301076,1909f56bfc062723c751e8b465ee728b)  -> (artifact id: '475924ee8052cce9160e17118e523bc7') in 0.241720 seconds 
========================================================================
Received Import Request.
  Time since last request: 0.000021 seconds.
  path: Assets/player/lata 1.obj
  artifactKey: Guid(f4d098c9bab47d0458cb5300087ab3f2) Importer(815301076,1909f56bfc062723c751e8b465ee728b)
Start importing Assets/player/lata 1.obj using Guid(f4d098c9bab47d0458cb5300087ab3f2) Importer(815301076,1909f56bfc062723c751e8b465ee728b)  -> (artifact id: '9cee3a7c9172b419b0d2a4373e5a1e4c') in 0.028729 seconds 
========================================================================
Received Import Request.
  Time since last request: 0.000036 seconds.
  path: Assets/player/IlhaMetaverso.fbx
  artifactKey: Guid(f234e46f975a1e540a30778badf845d9) Importer(815301076,1909f56bfc062723c751e8b465ee728b)
Start importing Assets/player/IlhaMetaverso.fbx using Guid(f234e46f975a1e540a30778badf845d9) Importer(815301076,1909f56bfc062723c751e8b465ee728b)  -> (artifact id: '62bc7762cef82e60f30dd69325629ec2') in 0.025295 seconds 
========================================================================
Received Import Request.
  Time since last request: 0.000017 seconds.
  path: Assets/player/potato.prefab
  artifactKey: Guid(f5036c67b43dc4a4b923b395cb71910b) Importer(815301076,1909f56bfc062723c751e8b465ee728b)
Start importing Assets/player/potato.prefab using Guid(f5036c67b43dc4a4b923b395cb71910b) Importer(815301076,1909f56bfc062723c751e8b465ee728b)  -> (artifact id: '906cbd08a5a4f750b63acbba2fc884ea') in 0.017408 seconds 
========================================================================
Received Import Request.
  Time since last request: 0.000021 seconds.
  path: Assets/player/madeiras.mat
  artifactKey: Guid(2edfc8a53d4732640a34e82c6d5f3cef) Importer(815301076,1909f56bfc062723c751e8b465ee728b)
Start importing Assets/player/madeiras.mat using Guid(2edfc8a53d4732640a34e82c6d5f3cef) Importer(815301076,1909f56bfc062723c751e8b465ee728b)  -> (artifact id: 'f7d65e2d8e4bf8e32ed1b6132eb08b91') in 0.043525 seconds 
========================================================================
Received Import Request.
  Time since last request: 0.000017 seconds.
  path: Assets/player/PonteDosBalaoMetaverso.fbx
  artifactKey: Guid(1e8ce5b2b5573fd4a8d657e6852ae48c) Importer(815301076,1909f56bfc062723c751e8b465ee728b)
Start importing Assets/player/PonteDosBalaoMetaverso.fbx using Guid(1e8ce5b2b5573fd4a8d657e6852ae48c) Importer(815301076,1909f56bfc062723c751e8b465ee728b)  -> (artifact id: 'f3407ae5f2ea37659d937c44b58e1730') in 0.159290 seconds 
========================================================================
Received Import Request.
  Time since last request: 0.000031 seconds.
  path: Assets/player/PedrasMetaverso 1.fbx
  artifactKey: Guid(549f0f7cd705d3449b6b0c28178649e9) Importer(815301076,1909f56bfc062723c751e8b465ee728b)
Start importing Assets/player/PedrasMetaverso 1.fbx using Guid(549f0f7cd705d3449b6b0c28178649e9) Importer(815301076,1909f56bfc062723c751e8b465ee728b)  -> (artifact id: '65f45c14979e6b299f1d61edd0c37dd9') in 0.244021 seconds 
========================================================================
Received Import Request.
  Time since last request: 0.000028 seconds.
  path: Assets/player/Carro 1.prefab
  artifactKey: Guid(77a195b48a4ab6040b1cc42b219ef838) Importer(815301076,1909f56bfc062723c751e8b465ee728b)
Start importing Assets/player/Carro 1.prefab using Guid(77a195b48a4ab6040b1cc42b219ef838) Importer(815301076,1909f56bfc062723c751e8b465ee728b)  -> (artifact id: 'e20effddcd60f42b76d81a6022da8a3f') in 0.054454 seconds 
========================================================================
Received Import Request.
  Time since last request: 21.704934 seconds.
  path: Assets/player/potato.cs
  artifactKey: Guid(5cfde0c715d0fed419a850821150ad78) Importer(815301076,1909f56bfc062723c751e8b465ee728b)
Start importing Assets/player/potato.cs using Guid(5cfde0c715d0fed419a850821150ad78) Importer(815301076,1909f56bfc062723c751e8b465ee728b)  -> (artifact id: 'af6500f451330ce2d21aed81c5ab612a') in 0.005881 seconds 
========================================================================
Received Import Request.
  Time since last request: 38.393149 seconds.
  path: Assets/player/plantador.cs
  artifactKey: Guid(240c5ff0b54fb3c4e8528383d2fff005) Importer(815301076,1909f56bfc062723c751e8b465ee728b)
Start importing Assets/player/plantador.cs using Guid(240c5ff0b54fb3c4e8528383d2fff005) Importer(815301076,1909f56bfc062723c751e8b465ee728b)  -> (artifact id: '85cd45908b5c0064981bd792d4a708dc') in 0.006085 seconds 
========================================================================
Received Import Request.
  Time since last request: 396.270644 seconds.
  path: Assets/player/brotobatata.fbx
  artifactKey: Guid(b9486ebe41a447f4597a3b08f9bb3471) Importer(815301076,1909f56bfc062723c751e8b465ee728b)
Start importing Assets/player/brotobatata.fbx using Guid(b9486ebe41a447f4597a3b08f9bb3471) Importer(815301076,1909f56bfc062723c751e8b465ee728b)  -> (artifact id: '48e73e36595b249eebcc96b5849b22d8') in 0.080173 seconds 
========================================================================
Received Import Request.
  Time since last request: 278.483361 seconds.
  path: Assets/player/brotobatata.prefab
  artifactKey: Guid(e047588b4489f56448e4095bd78e4327) Importer(815301076,1909f56bfc062723c751e8b465ee728b)
Start importing Assets/player/brotobatata.prefab using Guid(e047588b4489f56448e4095bd78e4327) Importer(815301076,1909f56bfc062723c751e8b465ee728b)  -> (artifact id: 'ed2830d1fb3217234860764285941650') in 0.015239 seconds 
========================================================================
Received Import Request.
  Time since last request: 40.752101 seconds.
  path: Assets/player/brotobatata.prefab
  artifactKey: Guid(e047588b4489f56448e4095bd78e4327) Importer(815301076,1909f56bfc062723c751e8b465ee728b)
Start importing Assets/player/brotobatata.prefab using Guid(e047588b4489f56448e4095bd78e4327) Importer(815301076,1909f56bfc062723c751e8b465ee728b)  -> (artifact id: 'a7bc8a779c9271f5de0327a972459a0c') in 0.004604 seconds 
